Traceback (most recent call last):
  File "C:\Users\55919\anaconda3\envs\qe-mini-example\lib\site-packages\jupyter_cache\executors\utils.py", line 58, in single_nb_execution
    executenb(
  File "C:\Users\55919\anaconda3\envs\qe-mini-example\lib\site-packages\nbclient\client.py", line 1305, in execute
    return NotebookClient(nb=nb, resources=resources, km=km, **kwargs).execute()
  File "C:\Users\55919\anaconda3\envs\qe-mini-example\lib\site-packages\jupyter_core\utils\__init__.py", line 165, in wrapped
    return loop.run_until_complete(inner)
  File "C:\Users\55919\anaconda3\envs\qe-mini-example\lib\asyncio\base_events.py", line 616, in run_until_complete
    return future.result()
  File "C:\Users\55919\anaconda3\envs\qe-mini-example\lib\site-packages\nbclient\client.py", line 705, in async_execute
    await self.async_execute_cell(
  File "C:\Users\55919\anaconda3\envs\qe-mini-example\lib\site-packages\nbclient\client.py", line 1058, in async_execute_cell
    await self._check_raise_for_error(cell, cell_index, exec_reply)
  File "C:\Users\55919\anaconda3\envs\qe-mini-example\lib\site-packages\nbclient\client.py", line 914, in _check_raise_for_error
    raise CellExecutionError.from_cell_and_msg(cell, exec_reply_content)
nbclient.exceptions.CellExecutionError: An error occurred while executing the following cell:
------------------
# CST version code in Matlab and Python
from skrf.media import MLine
import skrf as rf

from bookfuncs.readCSTFiles import readCSTSparZpZLres
from bookfuncs.simuParams import SimuParam
from bookfuncs.TLmodels import mslineBalanis
from numpy import exp, sqrt, cos, sin, log,log10, pi,abs, angle, tanh,tan, real, imag
from bookfuncs.plotfunc import plot1DTparametric,plot1DS,plot1DSparametric,S1d,plot2DTparametric,plot1DSparametricUwrap,plot2DSparametricMagdB,plot2DSparametricPhase
from bookfuncs.plotfunc import plot2DSparametricMag
import numpy as np
import matplotlib.pyplot as plt
import warnings
warnings.filterwarnings('ignore')

par=SimuParam()
par.set_empar(id=0,er=2,ur=1,sig=0)
w=2.62e-3
h=0.8e-3

ZL=50
L=100e-3

ftest=np.arange(0.5e9,1000e9,0.5e9)
omega,Gamma,Z0,eff=mslineBalanis(par.emconst,w,h,ftest)
# 1j*omega*par.phyconst['u0'][0]
Lind=1e-12
# ZL=1j*2*pi*ftest*Lind
ZL=376
Zin=Z0*((ZL+1j*Z0*tan(np.imag(Gamma)*L))/(Z0+1j*ZL*tan(np.imag(Gamma)*L)))
S11=(Zin-Z0)/(Zin+Z0)
RL=(ZL-Z0)/(ZL+Z0)



fig,ax=plt.subplots(3,2)
fig.set_size_inches((18,8))
fig.suptitle('S-Parameters', fontsize=16)

p1=0
p2=0
plot2DSparametricMagdB(ax,ftest, [0,500],
                       (p1,p2,S11,'b','-'),
                )
ax[p1,p2].set_title('S11 Phase vs ZL Res')
# axt[p1,p2].legend(['ZL 50','ZL 30','ZL 100'])

p1=0
p2=1
plot2DSparametricPhase(ax,ftest, [0,500],
                       (p1,p2,S11,'b','-'),
                )
ax[p1,p2].set_title('S11 Phase vs ZL Res')


------------------


[1;31m---------------------------------------------------------------------------[0m
[1;31mModuleNotFoundError[0m                       Traceback (most recent call last)
Cell [1;32mIn[1], line 2[0m
[0;32m      1[0m [38;5;66;03m# CST version code in Matlab and Python[39;00m
[1;32m----> 2[0m [38;5;28;01mfrom[39;00m [38;5;21;01mskrf[39;00m[38;5;21;01m.[39;00m[38;5;21;01mmedia[39;00m [38;5;28;01mimport[39;00m MLine
[0;32m      3[0m [38;5;28;01mimport[39;00m [38;5;21;01mskrf[39;00m [38;5;28;01mas[39;00m [38;5;21;01mrf[39;00m
[0;32m      5[0m [38;5;28;01mfrom[39;00m [38;5;21;01mbookfuncs[39;00m[38;5;21;01m.[39;00m[38;5;21;01mreadCSTFiles[39;00m [38;5;28;01mimport[39;00m readCSTSparZpZLres

[1;31mModuleNotFoundError[0m: No module named 'skrf'

